<?xml version="1.0" encoding="UTF-8"?>
<testsuite xmlns:xsi="http://www.w3.org/2001/XMLSchema-instance" xsi:noNamespaceSchemaLocation="https://maven.apache.org/surefire/maven-surefire-plugin/xsd/surefire-test-report-3.0.xsd" version="3.0" name="qlsf.v1.V1ApplicationTests" time="6.754" tests="1" errors="0" skipped="0" failures="0">
  <properties>
    <property name="java.specification.version" value="17"/>
    <property name="sun.cpu.isalist" value="amd64"/>
    <property name="sun.jnu.encoding" value="Cp1252"/>
    <property name="sun.awt.enableExtraMouseButtons" value="true"/>
    <property name="java.class.path" value="C:\Users\HP Pavilion\Desktop\QLSF\v1\target\test-classes;C:\Users\HP Pavilion\Desktop\QLSF\v1\target\classes;C:\Users\HP Pavilion\.m2\repository\org\springframework\boot\spring-boot-starter\3.4.1\spring-boot-starter-3.4.1.jar;C:\Users\HP Pavilion\.m2\repository\org\springframework\boot\spring-boot\3.4.1\spring-boot-3.4.1.jar;C:\Users\HP Pavilion\.m2\repository\org\springframework\spring-context\6.2.1\spring-context-6.2.1.jar;C:\Users\HP Pavilion\.m2\repository\org\springframework\boot\spring-boot-autoconfigure\3.4.1\spring-boot-autoconfigure-3.4.1.jar;C:\Users\HP Pavilion\.m2\repository\org\springframework\boot\spring-boot-starter-logging\3.4.1\spring-boot-starter-logging-3.4.1.jar;C:\Users\HP Pavilion\.m2\repository\ch\qos\logback\logback-classic\1.5.12\logback-classic-1.5.12.jar;C:\Users\HP Pavilion\.m2\repository\ch\qos\logback\logback-core\1.5.12\logback-core-1.5.12.jar;C:\Users\HP Pavilion\.m2\repository\org\apache\logging\log4j\log4j-to-slf4j\2.24.3\log4j-to-slf4j-2.24.3.jar;C:\Users\HP Pavilion\.m2\repository\org\slf4j\jul-to-slf4j\2.0.16\jul-to-slf4j-2.0.16.jar;C:\Users\HP Pavilion\.m2\repository\jakarta\annotation\jakarta.annotation-api\2.1.1\jakarta.annotation-api-2.1.1.jar;C:\Users\HP Pavilion\.m2\repository\org\springframework\spring-core\6.2.1\spring-core-6.2.1.jar;C:\Users\HP Pavilion\.m2\repository\org\springframework\spring-jcl\6.2.1\spring-jcl-6.2.1.jar;C:\Users\HP Pavilion\.m2\repository\org\yaml\snakeyaml\2.3\snakeyaml-2.3.jar;C:\Users\HP Pavilion\.m2\repository\org\apache\poi\poi\5.2.5\poi-5.2.5.jar;C:\Users\HP Pavilion\.m2\repository\commons-codec\commons-codec\1.17.1\commons-codec-1.17.1.jar;C:\Users\HP Pavilion\.m2\repository\org\apache\commons\commons-collections4\4.4\commons-collections4-4.4.jar;C:\Users\HP Pavilion\.m2\repository\org\apache\commons\commons-math3\3.6.1\commons-math3-3.6.1.jar;C:\Users\HP Pavilion\.m2\repository\commons-io\commons-io\2.15.0\commons-io-2.15.0.jar;C:\Users\HP Pavilion\.m2\repository\com\zaxxer\SparseBitSet\1.3\SparseBitSet-1.3.jar;C:\Users\HP Pavilion\.m2\repository\org\apache\logging\log4j\log4j-api\2.24.3\log4j-api-2.24.3.jar;C:\Users\HP Pavilion\.m2\repository\org\apache\poi\poi-ooxml\5.2.5\poi-ooxml-5.2.5.jar;C:\Users\HP Pavilion\.m2\repository\org\apache\poi\poi-ooxml-lite\5.2.5\poi-ooxml-lite-5.2.5.jar;C:\Users\HP Pavilion\.m2\repository\org\apache\xmlbeans\xmlbeans\5.2.0\xmlbeans-5.2.0.jar;C:\Users\HP Pavilion\.m2\repository\org\apache\commons\commons-compress\1.25.0\commons-compress-1.25.0.jar;C:\Users\HP Pavilion\.m2\repository\com\github\virtuald\curvesapi\1.08\curvesapi-1.08.jar;C:\Users\HP Pavilion\.m2\repository\org\springframework\boot\spring-boot-starter-web\3.4.1\spring-boot-starter-web-3.4.1.jar;C:\Users\HP Pavilion\.m2\repository\org\springframework\boot\spring-boot-starter-json\3.4.1\spring-boot-starter-json-3.4.1.jar;C:\Users\HP Pavilion\.m2\repository\com\fasterxml\jackson\core\jackson-databind\2.18.2\jackson-databind-2.18.2.jar;C:\Users\HP Pavilion\.m2\repository\com\fasterxml\jackson\core\jackson-annotations\2.18.2\jackson-annotations-2.18.2.jar;C:\Users\HP Pavilion\.m2\repository\com\fasterxml\jackson\core\jackson-core\2.18.2\jackson-core-2.18.2.jar;C:\Users\HP Pavilion\.m2\repository\com\fasterxml\jackson\datatype\jackson-datatype-jdk8\2.18.2\jackson-datatype-jdk8-2.18.2.jar;C:\Users\HP Pavilion\.m2\repository\com\fasterxml\jackson\datatype\jackson-datatype-jsr310\2.18.2\jackson-datatype-jsr310-2.18.2.jar;C:\Users\HP Pavilion\.m2\repository\com\fasterxml\jackson\module\jackson-module-parameter-names\2.18.2\jackson-module-parameter-names-2.18.2.jar;C:\Users\HP Pavilion\.m2\repository\org\springframework\boot\spring-boot-starter-tomcat\3.4.1\spring-boot-starter-tomcat-3.4.1.jar;C:\Users\HP Pavilion\.m2\repository\org\apache\tomcat\embed\tomcat-embed-core\10.1.34\tomcat-embed-core-10.1.34.jar;C:\Users\HP Pavilion\.m2\repository\org\apache\tomcat\embed\tomcat-embed-el\10.1.34\tomcat-embed-el-10.1.34.jar;C:\Users\HP Pavilion\.m2\repository\org\apache\tomcat\embed\tomcat-embed-websocket\10.1.34\tomcat-embed-websocket-10.1.34.jar;C:\Users\HP Pavilion\.m2\repository\org\springframework\spring-web\6.2.1\spring-web-6.2.1.jar;C:\Users\HP Pavilion\.m2\repository\org\springframework\spring-beans\6.2.1\spring-beans-6.2.1.jar;C:\Users\HP Pavilion\.m2\repository\io\micrometer\micrometer-observation\1.14.2\micrometer-observation-1.14.2.jar;C:\Users\HP Pavilion\.m2\repository\io\micrometer\micrometer-commons\1.14.2\micrometer-commons-1.14.2.jar;C:\Users\HP Pavilion\.m2\repository\org\springframework\spring-webmvc\6.2.1\spring-webmvc-6.2.1.jar;C:\Users\HP Pavilion\.m2\repository\org\springframework\spring-aop\6.2.1\spring-aop-6.2.1.jar;C:\Users\HP Pavilion\.m2\repository\org\springframework\spring-expression\6.2.1\spring-expression-6.2.1.jar;C:\Users\HP Pavilion\.m2\repository\com\google\oauth-client\google-oauth-client-jetty\1.32.1\google-oauth-client-jetty-1.32.1.jar;C:\Users\HP Pavilion\.m2\repository\com\google\oauth-client\google-oauth-client-java6\1.32.1\google-oauth-client-java6-1.32.1.jar;C:\Users\HP Pavilion\.m2\repository\com\google\http-client\google-http-client\1.39.2\google-http-client-1.39.2.jar;C:\Users\HP Pavilion\.m2\repository\com\google\code\findbugs\jsr305\3.0.2\jsr305-3.0.2.jar;C:\Users\HP Pavilion\.m2\repository\com\google\j2objc\j2objc-annotations\1.3\j2objc-annotations-1.3.jar;C:\Users\HP Pavilion\.m2\repository\io\opencensus\opencensus-api\0.28.0\opencensus-api-0.28.0.jar;C:\Users\HP Pavilion\.m2\repository\io\grpc\grpc-context\1.27.2\grpc-context-1.27.2.jar;C:\Users\HP Pavilion\.m2\repository\io\opencensus\opencensus-contrib-http-util\0.28.0\opencensus-contrib-http-util-0.28.0.jar;C:\Users\HP Pavilion\.m2\repository\com\google\apis\google-api-services-sheets\v4-rev20230227-2.0.0\google-api-services-sheets-v4-rev20230227-2.0.0.jar;C:\Users\HP Pavilion\.m2\repository\com\google\api-client\google-api-client\1.32.1\google-api-client-1.32.1.jar;C:\Users\HP Pavilion\.m2\repository\com\google\oauth-client\google-oauth-client\1.31.5\google-oauth-client-1.31.5.jar;C:\Users\HP Pavilion\.m2\repository\com\google\http-client\google-http-client-gson\1.39.2\google-http-client-gson-1.39.2.jar;C:\Users\HP Pavilion\.m2\repository\com\google\code\gson\gson\2.11.0\gson-2.11.0.jar;C:\Users\HP Pavilion\.m2\repository\com\google\guava\guava\33.3.1-jre\guava-33.3.1-jre.jar;C:\Users\HP Pavilion\.m2\repository\com\google\guava\failureaccess\1.0.2\failureaccess-1.0.2.jar;C:\Users\HP Pavilion\.m2\repository\com\google\guava\listenablefuture\9999.0-empty-to-avoid-conflict-with-guava\listenablefuture-9999.0-empty-to-avoid-conflict-with-guava.jar;C:\Users\HP Pavilion\.m2\repository\org\checkerframework\checker-qual\3.43.0\checker-qual-3.43.0.jar;C:\Users\HP Pavilion\.m2\repository\com\google\errorprone\error_prone_annotations\2.28.0\error_prone_annotations-2.28.0.jar;C:\Users\HP Pavilion\.m2\repository\com\google\http-client\google-http-client-apache-v2\1.39.2\google-http-client-apache-v2-1.39.2.jar;C:\Users\HP Pavilion\.m2\repository\org\apache\httpcomponents\httpcore\4.4.16\httpcore-4.4.16.jar;C:\Users\HP Pavilion\.m2\repository\org\apache\httpcomponents\httpclient\4.5.13\httpclient-4.5.13.jar;C:\Users\HP Pavilion\.m2\repository\commons-logging\commons-logging\1.2\commons-logging-1.2.jar;C:\Users\HP Pavilion\.m2\repository\org\springframework\boot\spring-boot-starter-data-jpa\3.4.1\spring-boot-starter-data-jpa-3.4.1.jar;C:\Users\HP Pavilion\.m2\repository\org\springframework\boot\spring-boot-starter-jdbc\3.4.1\spring-boot-starter-jdbc-3.4.1.jar;C:\Users\HP Pavilion\.m2\repository\com\zaxxer\HikariCP\5.1.0\HikariCP-5.1.0.jar;C:\Users\HP Pavilion\.m2\repository\org\springframework\spring-jdbc\6.2.1\spring-jdbc-6.2.1.jar;C:\Users\HP Pavilion\.m2\repository\org\hibernate\orm\hibernate-core\6.6.4.Final\hibernate-core-6.6.4.Final.jar;C:\Users\HP Pavilion\.m2\repository\jakarta\persistence\jakarta.persistence-api\3.1.0\jakarta.persistence-api-3.1.0.jar;C:\Users\HP Pavilion\.m2\repository\jakarta\transaction\jakarta.transaction-api\2.0.1\jakarta.transaction-api-2.0.1.jar;C:\Users\HP Pavilion\.m2\repository\org\jboss\logging\jboss-logging\3.6.1.Final\jboss-logging-3.6.1.Final.jar;C:\Users\HP Pavilion\.m2\repository\org\hibernate\common\hibernate-commons-annotations\7.0.3.Final\hibernate-commons-annotations-7.0.3.Final.jar;C:\Users\HP Pavilion\.m2\repository\io\smallrye\jandex\3.2.0\jandex-3.2.0.jar;C:\Users\HP Pavilion\.m2\repository\com\fasterxml\classmate\1.7.0\classmate-1.7.0.jar;C:\Users\HP Pavilion\.m2\repository\net\bytebuddy\byte-buddy\1.15.11\byte-buddy-1.15.11.jar;C:\Users\HP Pavilion\.m2\repository\org\glassfish\jaxb\jaxb-runtime\4.0.5\jaxb-runtime-4.0.5.jar;C:\Users\HP Pavilion\.m2\repository\org\glassfish\jaxb\jaxb-core\4.0.5\jaxb-core-4.0.5.jar;C:\Users\HP Pavilion\.m2\repository\org\eclipse\angus\angus-activation\2.0.2\angus-activation-2.0.2.jar;C:\Users\HP Pavilion\.m2\repository\org\glassfish\jaxb\txw2\4.0.5\txw2-4.0.5.jar;C:\Users\HP Pavilion\.m2\repository\com\sun\istack\istack-commons-runtime\4.1.2\istack-commons-runtime-4.1.2.jar;C:\Users\HP Pavilion\.m2\repository\jakarta\inject\jakarta.inject-api\2.0.1\jakarta.inject-api-2.0.1.jar;C:\Users\HP Pavilion\.m2\repository\org\antlr\antlr4-runtime\4.13.0\antlr4-runtime-4.13.0.jar;C:\Users\HP Pavilion\.m2\repository\org\springframework\data\spring-data-jpa\3.4.1\spring-data-jpa-3.4.1.jar;C:\Users\HP Pavilion\.m2\repository\org\springframework\data\spring-data-commons\3.4.1\spring-data-commons-3.4.1.jar;C:\Users\HP Pavilion\.m2\repository\org\springframework\spring-orm\6.2.1\spring-orm-6.2.1.jar;C:\Users\HP Pavilion\.m2\repository\org\springframework\spring-tx\6.2.1\spring-tx-6.2.1.jar;C:\Users\HP Pavilion\.m2\repository\org\slf4j\slf4j-api\2.0.16\slf4j-api-2.0.16.jar;C:\Users\HP Pavilion\.m2\repository\org\springframework\spring-aspects\6.2.1\spring-aspects-6.2.1.jar;C:\Users\HP Pavilion\.m2\repository\org\aspectj\aspectjweaver\1.9.22.1\aspectjweaver-1.9.22.1.jar;C:\Users\HP Pavilion\.m2\repository\org\springframework\boot\spring-boot-starter-freemarker\3.4.1\spring-boot-starter-freemarker-3.4.1.jar;C:\Users\HP Pavilion\.m2\repository\org\freemarker\freemarker\2.3.33\freemarker-2.3.33.jar;C:\Users\HP Pavilion\.m2\repository\org\springframework\spring-context-support\6.2.1\spring-context-support-6.2.1.jar;C:\Users\HP Pavilion\.m2\repository\org\apache\camel\springboot\camel-spring-boot-starter\4.9.0\camel-spring-boot-starter-4.9.0.jar;C:\Users\HP Pavilion\.m2\repository\org\apache\camel\springboot\camel-spring-boot\4.9.0\camel-spring-boot-4.9.0.jar;C:\Users\HP Pavilion\.m2\repository\org\apache\camel\camel-spring\4.9.0\camel-spring-4.9.0.jar;C:\Users\HP Pavilion\.m2\repository\org\apache\camel\camel-management-api\4.9.0\camel-management-api-4.9.0.jar;C:\Users\HP Pavilion\.m2\repository\org\apache\camel\camel-spring-main\4.9.0\camel-spring-main-4.9.0.jar;C:\Users\HP Pavilion\.m2\repository\org\apache\camel\camel-main\4.9.0\camel-main-4.9.0.jar;C:\Users\HP Pavilion\.m2\repository\org\apache\camel\camel-base\4.9.0\camel-base-4.9.0.jar;C:\Users\HP Pavilion\.m2\repository\org\apache\camel\camel-core-languages\4.9.0\camel-core-languages-4.9.0.jar;C:\Users\HP Pavilion\.m2\repository\org\apache\camel\camel-util-json\4.9.0\camel-util-json-4.9.0.jar;C:\Users\HP Pavilion\.m2\repository\org\apache\camel\camel-cloud\4.9.0\camel-cloud-4.9.0.jar;C:\Users\HP Pavilion\.m2\repository\org\apache\camel\camel-core-model\4.9.0\camel-core-model-4.9.0.jar;C:\Users\HP Pavilion\.m2\repository\org\apache\camel\camel-core-processor\4.9.0\camel-core-processor-4.9.0.jar;C:\Users\HP Pavilion\.m2\repository\org\apache\camel\camel-cluster\4.9.0\camel-cluster-4.9.0.jar;C:\Users\HP Pavilion\.m2\repository\org\apache\camel\camel-base-engine\4.9.0\camel-base-engine-4.9.0.jar;C:\Users\HP Pavilion\.m2\repository\org\apache\camel\camel-health\4.9.0\camel-health-4.9.0.jar;C:\Users\HP Pavilion\.m2\repository\org\apache\camel\springboot\camel-core-starter\4.9.0\camel-core-starter-4.9.0.jar;C:\Users\HP Pavilion\.m2\repository\org\apache\camel\camel-core-engine\4.9.0\camel-core-engine-4.9.0.jar;C:\Users\HP Pavilion\.m2\repository\org\apache\camel\camel-api\4.9.0\camel-api-4.9.0.jar;C:\Users\HP Pavilion\.m2\repository\org\apache\camel\camel-core-reifier\4.9.0\camel-core-reifier-4.9.0.jar;C:\Users\HP Pavilion\.m2\repository\org\apache\camel\camel-support\4.9.0\camel-support-4.9.0.jar;C:\Users\HP Pavilion\.m2\repository\org\apache\camel\camel-util\4.9.0\camel-util-4.9.0.jar;C:\Users\HP Pavilion\.m2\repository\org\apache\camel\springboot\camel-bean-starter\4.9.0\camel-bean-starter-4.9.0.jar;C:\Users\HP Pavilion\.m2\repository\org\apache\camel\camel-bean\4.9.0\camel-bean-4.9.0.jar;C:\Users\HP Pavilion\.m2\repository\org\apache\camel\springboot\camel-browse-starter\4.9.0\camel-browse-starter-4.9.0.jar;C:\Users\HP Pavilion\.m2\repository\org\apache\camel\camel-browse\4.9.0\camel-browse-4.9.0.jar;C:\Users\HP Pavilion\.m2\repository\org\apache\camel\springboot\camel-controlbus-starter\4.9.0\camel-controlbus-starter-4.9.0.jar;C:\Users\HP Pavilion\.m2\repository\org\apache\camel\camel-controlbus\4.9.0\camel-controlbus-4.9.0.jar;C:\Users\HP Pavilion\.m2\repository\org\apache\camel\springboot\camel-dataformat-starter\4.9.0\camel-dataformat-starter-4.9.0.jar;C:\Users\HP Pavilion\.m2\repository\org\apache\camel\camel-dataformat\4.9.0\camel-dataformat-4.9.0.jar;C:\Users\HP Pavilion\.m2\repository\org\apache\camel\springboot\camel-dataset-starter\4.9.0\camel-dataset-starter-4.9.0.jar;C:\Users\HP Pavilion\.m2\repository\org\apache\camel\camel-dataset\4.9.0\camel-dataset-4.9.0.jar;C:\Users\HP Pavilion\.m2\repository\org\apache\camel\springboot\camel-direct-starter\4.9.0\camel-direct-starter-4.9.0.jar;C:\Users\HP Pavilion\.m2\repository\org\apache\camel\camel-direct\4.9.0\camel-direct-4.9.0.jar;C:\Users\HP Pavilion\.m2\repository\org\apache\camel\springboot\camel-file-starter\4.9.0\camel-file-starter-4.9.0.jar;C:\Users\HP Pavilion\.m2\repository\org\apache\camel\camel-file\4.9.0\camel-file-4.9.0.jar;C:\Users\HP Pavilion\.m2\repository\org\apache\camel\springboot\camel-language-starter\4.9.0\camel-language-starter-4.9.0.jar;C:\Users\HP Pavilion\.m2\repository\org\apache\camel\camel-language\4.9.0\camel-language-4.9.0.jar;C:\Users\HP Pavilion\.m2\repository\org\apache\camel\springboot\camel-log-starter\4.9.0\camel-log-starter-4.9.0.jar;C:\Users\HP Pavilion\.m2\repository\org\apache\camel\camel-log\4.9.0\camel-log-4.9.0.jar;C:\Users\HP Pavilion\.m2\repository\org\apache\camel\springboot\camel-mock-starter\4.9.0\camel-mock-starter-4.9.0.jar;C:\Users\HP Pavilion\.m2\repository\org\apache\camel\camel-mock\4.9.0\camel-mock-4.9.0.jar;C:\Users\HP Pavilion\.m2\repository\org\apache\camel\springboot\camel-ref-starter\4.9.0\camel-ref-starter-4.9.0.jar;C:\Users\HP Pavilion\.m2\repository\org\apache\camel\camel-ref\4.9.0\camel-ref-4.9.0.jar;C:\Users\HP Pavilion\.m2\repository\org\apache\camel\springboot\camel-rest-starter\4.9.0\camel-rest-starter-4.9.0.jar;C:\Users\HP Pavilion\.m2\repository\org\apache\camel\camel-rest\4.9.0\camel-rest-4.9.0.jar;C:\Users\HP Pavilion\.m2\repository\org\apache\camel\camel-tooling-model\4.9.0\camel-tooling-model-4.9.0.jar;C:\Users\HP Pavilion\.m2\repository\org\apache\camel\springboot\camel-saga-starter\4.9.0\camel-saga-starter-4.9.0.jar;C:\Users\HP Pavilion\.m2\repository\org\apache\camel\camel-saga\4.9.0\camel-saga-4.9.0.jar;C:\Users\HP Pavilion\.m2\repository\org\apache\camel\springboot\camel-scheduler-starter\4.9.0\camel-scheduler-starter-4.9.0.jar;C:\Users\HP Pavilion\.m2\repository\org\apache\camel\camel-scheduler\4.9.0\camel-scheduler-4.9.0.jar;C:\Users\HP Pavilion\.m2\repository\org\apache\camel\springboot\camel-seda-starter\4.9.0\camel-seda-starter-4.9.0.jar;C:\Users\HP Pavilion\.m2\repository\org\apache\camel\camel-seda\4.9.0\camel-seda-4.9.0.jar;C:\Users\HP Pavilion\.m2\repository\org\apache\camel\springboot\camel-stub-starter\4.9.0\camel-stub-starter-4.9.0.jar;C:\Users\HP Pavilion\.m2\repository\org\apache\camel\camel-stub\4.9.0\camel-stub-4.9.0.jar;C:\Users\HP Pavilion\.m2\repository\org\apache\camel\springboot\camel-timer-starter\4.9.0\camel-timer-starter-4.9.0.jar;C:\Users\HP Pavilion\.m2\repository\org\apache\camel\camel-timer\4.9.0\camel-timer-4.9.0.jar;C:\Users\HP Pavilion\.m2\repository\org\apache\camel\springboot\camel-validator-starter\4.9.0\camel-validator-starter-4.9.0.jar;C:\Users\HP Pavilion\.m2\repository\org\apache\camel\camel-validator\4.9.0\camel-validator-4.9.0.jar;C:\Users\HP Pavilion\.m2\repository\org\apache\camel\springboot\camel-xpath-starter\4.9.0\camel-xpath-starter-4.9.0.jar;C:\Users\HP Pavilion\.m2\repository\org\apache\camel\camel-xpath\4.9.0\camel-xpath-4.9.0.jar;C:\Users\HP Pavilion\.m2\repository\org\apache\camel\springboot\camel-xslt-starter\4.9.0\camel-xslt-starter-4.9.0.jar;C:\Users\HP Pavilion\.m2\repository\org\apache\camel\camel-xslt\4.9.0\camel-xslt-4.9.0.jar;C:\Users\HP Pavilion\.m2\repository\org\apache\camel\springboot\camel-xml-jaxp-starter\4.9.0\camel-xml-jaxp-starter-4.9.0.jar;C:\Users\HP Pavilion\.m2\repository\org\apache\camel\camel-xml-jaxp\4.9.0\camel-xml-jaxp-4.9.0.jar;C:\Users\HP Pavilion\.m2\repository\org\apache\camel\camel-xml-jaxp-util\4.9.0\camel-xml-jaxp-util-4.9.0.jar;C:\Users\HP Pavilion\.m2\repository\org\apache\camel\camel-xml-io-util\4.9.0\camel-xml-io-util-4.9.0.jar;C:\Users\HP Pavilion\.m2\repository\org\projectlombok\lombok\1.18.36\lombok-1.18.36.jar;C:\Users\HP Pavilion\.m2\repository\org\springframework\boot\spring-boot-starter-test\3.4.1\spring-boot-starter-test-3.4.1.jar;C:\Users\HP Pavilion\.m2\repository\org\springframework\boot\spring-boot-test\3.4.1\spring-boot-test-3.4.1.jar;C:\Users\HP Pavilion\.m2\repository\org\springframework\boot\spring-boot-test-autoconfigure\3.4.1\spring-boot-test-autoconfigure-3.4.1.jar;C:\Users\HP Pavilion\.m2\repository\com\jayway\jsonpath\json-path\2.9.0\json-path-2.9.0.jar;C:\Users\HP Pavilion\.m2\repository\jakarta\xml\bind\jakarta.xml.bind-api\4.0.2\jakarta.xml.bind-api-4.0.2.jar;C:\Users\HP Pavilion\.m2\repository\jakarta\activation\jakarta.activation-api\2.1.3\jakarta.activation-api-2.1.3.jar;C:\Users\HP Pavilion\.m2\repository\net\minidev\json-smart\2.5.1\json-smart-2.5.1.jar;C:\Users\HP Pavilion\.m2\repository\net\minidev\accessors-smart\2.5.1\accessors-smart-2.5.1.jar;C:\Users\HP Pavilion\.m2\repository\org\ow2\asm\asm\9.6\asm-9.6.jar;C:\Users\HP Pavilion\.m2\repository\org\assertj\assertj-core\3.26.3\assertj-core-3.26.3.jar;C:\Users\HP Pavilion\.m2\repository\org\awaitility\awaitility\4.2.2\awaitility-4.2.2.jar;C:\Users\HP Pavilion\.m2\repository\org\hamcrest\hamcrest\2.2\hamcrest-2.2.jar;C:\Users\HP Pavilion\.m2\repository\org\junit\jupiter\junit-jupiter\5.11.4\junit-jupiter-5.11.4.jar;C:\Users\HP Pavilion\.m2\repository\org\junit\jupiter\junit-jupiter-api\5.11.4\junit-jupiter-api-5.11.4.jar;C:\Users\HP Pavilion\.m2\repository\org\opentest4j\opentest4j\1.3.0\opentest4j-1.3.0.jar;C:\Users\HP Pavilion\.m2\repository\org\junit\platform\junit-platform-commons\1.11.4\junit-platform-commons-1.11.4.jar;C:\Users\HP Pavilion\.m2\repository\org\apiguardian\apiguardian-api\1.1.2\apiguardian-api-1.1.2.jar;C:\Users\HP Pavilion\.m2\repository\org\junit\jupiter\junit-jupiter-params\5.11.4\junit-jupiter-params-5.11.4.jar;C:\Users\HP Pavilion\.m2\repository\org\junit\jupiter\junit-jupiter-engine\5.11.4\junit-jupiter-engine-5.11.4.jar;C:\Users\HP Pavilion\.m2\repository\org\junit\platform\junit-platform-engine\1.11.4\junit-platform-engine-1.11.4.jar;C:\Users\HP Pavilion\.m2\repository\org\mockito\mockito-core\5.14.2\mockito-core-5.14.2.jar;C:\Users\HP Pavilion\.m2\repository\net\bytebuddy\byte-buddy-agent\1.15.11\byte-buddy-agent-1.15.11.jar;C:\Users\HP Pavilion\.m2\repository\org\objenesis\objenesis\3.3\objenesis-3.3.jar;C:\Users\HP Pavilion\.m2\repository\org\mockito\mockito-junit-jupiter\5.14.2\mockito-junit-jupiter-5.14.2.jar;C:\Users\HP Pavilion\.m2\repository\org\skyscreamer\jsonassert\1.5.3\jsonassert-1.5.3.jar;C:\Users\HP Pavilion\.m2\repository\com\vaadin\external\google\android-json\0.0.20131108.vaadin1\android-json-0.0.20131108.vaadin1.jar;C:\Users\HP Pavilion\.m2\repository\org\springframework\spring-test\6.2.1\spring-test-6.2.1.jar;C:\Users\HP Pavilion\.m2\repository\org\xmlunit\xmlunit-core\2.10.0\xmlunit-core-2.10.0.jar;"/>
    <property name="java.vm.vendor" value="Oracle Corporation"/>
    <property name="sun.arch.data.model" value="64"/>
    <property name="user.variant" value=""/>
    <property name="java.vendor.url" value="https://java.oracle.com/"/>
    <property name="user.timezone" value="America/Bogota"/>
    <property name="org.jboss.logging.provider" value="slf4j"/>
    <property name="os.name" value="Windows 11"/>
    <property name="java.vm.specification.version" value="17"/>
    <property name="APPLICATION_NAME" value="v1"/>
    <property name="sun.java.launcher" value="SUN_STANDARD"/>
    <property name="user.country" value="CO"/>
    <property name="sun.boot.library.path" value="C:\Users\HP Pavilion\Desktop\jdk-17.0.12\bin"/>
    <property name="sun.java.command" value="C:\Users\HP Pavilion\AppData\Local\Temp\surefire378550455217837078\surefirebooter6804414177463930525.jar C:\Users\HP Pavilion\AppData\Local\Temp\surefire378550455217837078 2025-01-12T17-40-04_916-jvmRun1 surefire15771103378690367610tmp surefire_012068829294210802107tmp"/>
    <property name="jdk.debug" value="release"/>
    <property name="surefire.test.class.path" value="C:\Users\HP Pavilion\Desktop\QLSF\v1\target\test-classes;C:\Users\HP Pavilion\Desktop\QLSF\v1\target\classes;C:\Users\HP Pavilion\.m2\repository\org\springframework\boot\spring-boot-starter\3.4.1\spring-boot-starter-3.4.1.jar;C:\Users\HP Pavilion\.m2\repository\org\springframework\boot\spring-boot\3.4.1\spring-boot-3.4.1.jar;C:\Users\HP Pavilion\.m2\repository\org\springframework\spring-context\6.2.1\spring-context-6.2.1.jar;C:\Users\HP Pavilion\.m2\repository\org\springframework\boot\spring-boot-autoconfigure\3.4.1\spring-boot-autoconfigure-3.4.1.jar;C:\Users\HP Pavilion\.m2\repository\org\springframework\boot\spring-boot-starter-logging\3.4.1\spring-boot-starter-logging-3.4.1.jar;C:\Users\HP Pavilion\.m2\repository\ch\qos\logback\logback-classic\1.5.12\logback-classic-1.5.12.jar;C:\Users\HP Pavilion\.m2\repository\ch\qos\logback\logback-core\1.5.12\logback-core-1.5.12.jar;C:\Users\HP Pavilion\.m2\repository\org\apache\logging\log4j\log4j-to-slf4j\2.24.3\log4j-to-slf4j-2.24.3.jar;C:\Users\HP Pavilion\.m2\repository\org\slf4j\jul-to-slf4j\2.0.16\jul-to-slf4j-2.0.16.jar;C:\Users\HP Pavilion\.m2\repository\jakarta\annotation\jakarta.annotation-api\2.1.1\jakarta.annotation-api-2.1.1.jar;C:\Users\HP Pavilion\.m2\repository\org\springframework\spring-core\6.2.1\spring-core-6.2.1.jar;C:\Users\HP Pavilion\.m2\repository\org\springframework\spring-jcl\6.2.1\spring-jcl-6.2.1.jar;C:\Users\HP Pavilion\.m2\repository\org\yaml\snakeyaml\2.3\snakeyaml-2.3.jar;C:\Users\HP Pavilion\.m2\repository\org\apache\poi\poi\5.2.5\poi-5.2.5.jar;C:\Users\HP Pavilion\.m2\repository\commons-codec\commons-codec\1.17.1\commons-codec-1.17.1.jar;C:\Users\HP Pavilion\.m2\repository\org\apache\commons\commons-collections4\4.4\commons-collections4-4.4.jar;C:\Users\HP Pavilion\.m2\repository\org\apache\commons\commons-math3\3.6.1\commons-math3-3.6.1.jar;C:\Users\HP Pavilion\.m2\repository\commons-io\commons-io\2.15.0\commons-io-2.15.0.jar;C:\Users\HP Pavilion\.m2\repository\com\zaxxer\SparseBitSet\1.3\SparseBitSet-1.3.jar;C:\Users\HP Pavilion\.m2\repository\org\apache\logging\log4j\log4j-api\2.24.3\log4j-api-2.24.3.jar;C:\Users\HP Pavilion\.m2\repository\org\apache\poi\poi-ooxml\5.2.5\poi-ooxml-5.2.5.jar;C:\Users\HP Pavilion\.m2\repository\org\apache\poi\poi-ooxml-lite\5.2.5\poi-ooxml-lite-5.2.5.jar;C:\Users\HP Pavilion\.m2\repository\org\apache\xmlbeans\xmlbeans\5.2.0\xmlbeans-5.2.0.jar;C:\Users\HP Pavilion\.m2\repository\org\apache\commons\commons-compress\1.25.0\commons-compress-1.25.0.jar;C:\Users\HP Pavilion\.m2\repository\com\github\virtuald\curvesapi\1.08\curvesapi-1.08.jar;C:\Users\HP Pavilion\.m2\repository\org\springframework\boot\spring-boot-starter-web\3.4.1\spring-boot-starter-web-3.4.1.jar;C:\Users\HP Pavilion\.m2\repository\org\springframework\boot\spring-boot-starter-json\3.4.1\spring-boot-starter-json-3.4.1.jar;C:\Users\HP Pavilion\.m2\repository\com\fasterxml\jackson\core\jackson-databind\2.18.2\jackson-databind-2.18.2.jar;C:\Users\HP Pavilion\.m2\repository\com\fasterxml\jackson\core\jackson-annotations\2.18.2\jackson-annotations-2.18.2.jar;C:\Users\HP Pavilion\.m2\repository\com\fasterxml\jackson\core\jackson-core\2.18.2\jackson-core-2.18.2.jar;C:\Users\HP Pavilion\.m2\repository\com\fasterxml\jackson\datatype\jackson-datatype-jdk8\2.18.2\jackson-datatype-jdk8-2.18.2.jar;C:\Users\HP Pavilion\.m2\repository\com\fasterxml\jackson\datatype\jackson-datatype-jsr310\2.18.2\jackson-datatype-jsr310-2.18.2.jar;C:\Users\HP Pavilion\.m2\repository\com\fasterxml\jackson\module\jackson-module-parameter-names\2.18.2\jackson-module-parameter-names-2.18.2.jar;C:\Users\HP Pavilion\.m2\repository\org\springframework\boot\spring-boot-starter-tomcat\3.4.1\spring-boot-starter-tomcat-3.4.1.jar;C:\Users\HP Pavilion\.m2\repository\org\apache\tomcat\embed\tomcat-embed-core\10.1.34\tomcat-embed-core-10.1.34.jar;C:\Users\HP Pavilion\.m2\repository\org\apache\tomcat\embed\tomcat-embed-el\10.1.34\tomcat-embed-el-10.1.34.jar;C:\Users\HP Pavilion\.m2\repository\org\apache\tomcat\embed\tomcat-embed-websocket\10.1.34\tomcat-embed-websocket-10.1.34.jar;C:\Users\HP Pavilion\.m2\repository\org\springframework\spring-web\6.2.1\spring-web-6.2.1.jar;C:\Users\HP Pavilion\.m2\repository\org\springframework\spring-beans\6.2.1\spring-beans-6.2.1.jar;C:\Users\HP Pavilion\.m2\repository\io\micrometer\micrometer-observation\1.14.2\micrometer-observation-1.14.2.jar;C:\Users\HP Pavilion\.m2\repository\io\micrometer\micrometer-commons\1.14.2\micrometer-commons-1.14.2.jar;C:\Users\HP Pavilion\.m2\repository\org\springframework\spring-webmvc\6.2.1\spring-webmvc-6.2.1.jar;C:\Users\HP Pavilion\.m2\repository\org\springframework\spring-aop\6.2.1\spring-aop-6.2.1.jar;C:\Users\HP Pavilion\.m2\repository\org\springframework\spring-expression\6.2.1\spring-expression-6.2.1.jar;C:\Users\HP Pavilion\.m2\repository\com\google\oauth-client\google-oauth-client-jetty\1.32.1\google-oauth-client-jetty-1.32.1.jar;C:\Users\HP Pavilion\.m2\repository\com\google\oauth-client\google-oauth-client-java6\1.32.1\google-oauth-client-java6-1.32.1.jar;C:\Users\HP Pavilion\.m2\repository\com\google\http-client\google-http-client\1.39.2\google-http-client-1.39.2.jar;C:\Users\HP Pavilion\.m2\repository\com\google\code\findbugs\jsr305\3.0.2\jsr305-3.0.2.jar;C:\Users\HP Pavilion\.m2\repository\com\google\j2objc\j2objc-annotations\1.3\j2objc-annotations-1.3.jar;C:\Users\HP Pavilion\.m2\repository\io\opencensus\opencensus-api\0.28.0\opencensus-api-0.28.0.jar;C:\Users\HP Pavilion\.m2\repository\io\grpc\grpc-context\1.27.2\grpc-context-1.27.2.jar;C:\Users\HP Pavilion\.m2\repository\io\opencensus\opencensus-contrib-http-util\0.28.0\opencensus-contrib-http-util-0.28.0.jar;C:\Users\HP Pavilion\.m2\repository\com\google\apis\google-api-services-sheets\v4-rev20230227-2.0.0\google-api-services-sheets-v4-rev20230227-2.0.0.jar;C:\Users\HP Pavilion\.m2\repository\com\google\api-client\google-api-client\1.32.1\google-api-client-1.32.1.jar;C:\Users\HP Pavilion\.m2\repository\com\google\oauth-client\google-oauth-client\1.31.5\google-oauth-client-1.31.5.jar;C:\Users\HP Pavilion\.m2\repository\com\google\http-client\google-http-client-gson\1.39.2\google-http-client-gson-1.39.2.jar;C:\Users\HP Pavilion\.m2\repository\com\google\code\gson\gson\2.11.0\gson-2.11.0.jar;C:\Users\HP Pavilion\.m2\repository\com\google\guava\guava\33.3.1-jre\guava-33.3.1-jre.jar;C:\Users\HP Pavilion\.m2\repository\com\google\guava\failureaccess\1.0.2\failureaccess-1.0.2.jar;C:\Users\HP Pavilion\.m2\repository\com\google\guava\listenablefuture\9999.0-empty-to-avoid-conflict-with-guava\listenablefuture-9999.0-empty-to-avoid-conflict-with-guava.jar;C:\Users\HP Pavilion\.m2\repository\org\checkerframework\checker-qual\3.43.0\checker-qual-3.43.0.jar;C:\Users\HP Pavilion\.m2\repository\com\google\errorprone\error_prone_annotations\2.28.0\error_prone_annotations-2.28.0.jar;C:\Users\HP Pavilion\.m2\repository\com\google\http-client\google-http-client-apache-v2\1.39.2\google-http-client-apache-v2-1.39.2.jar;C:\Users\HP Pavilion\.m2\repository\org\apache\httpcomponents\httpcore\4.4.16\httpcore-4.4.16.jar;C:\Users\HP Pavilion\.m2\repository\org\apache\httpcomponents\httpclient\4.5.13\httpclient-4.5.13.jar;C:\Users\HP Pavilion\.m2\repository\commons-logging\commons-logging\1.2\commons-logging-1.2.jar;C:\Users\HP Pavilion\.m2\repository\org\springframework\boot\spring-boot-starter-data-jpa\3.4.1\spring-boot-starter-data-jpa-3.4.1.jar;C:\Users\HP Pavilion\.m2\repository\org\springframework\boot\spring-boot-starter-jdbc\3.4.1\spring-boot-starter-jdbc-3.4.1.jar;C:\Users\HP Pavilion\.m2\repository\com\zaxxer\HikariCP\5.1.0\HikariCP-5.1.0.jar;C:\Users\HP Pavilion\.m2\repository\org\springframework\spring-jdbc\6.2.1\spring-jdbc-6.2.1.jar;C:\Users\HP Pavilion\.m2\repository\org\hibernate\orm\hibernate-core\6.6.4.Final\hibernate-core-6.6.4.Final.jar;C:\Users\HP Pavilion\.m2\repository\jakarta\persistence\jakarta.persistence-api\3.1.0\jakarta.persistence-api-3.1.0.jar;C:\Users\HP Pavilion\.m2\repository\jakarta\transaction\jakarta.transaction-api\2.0.1\jakarta.transaction-api-2.0.1.jar;C:\Users\HP Pavilion\.m2\repository\org\jboss\logging\jboss-logging\3.6.1.Final\jboss-logging-3.6.1.Final.jar;C:\Users\HP Pavilion\.m2\repository\org\hibernate\common\hibernate-commons-annotations\7.0.3.Final\hibernate-commons-annotations-7.0.3.Final.jar;C:\Users\HP Pavilion\.m2\repository\io\smallrye\jandex\3.2.0\jandex-3.2.0.jar;C:\Users\HP Pavilion\.m2\repository\com\fasterxml\classmate\1.7.0\classmate-1.7.0.jar;C:\Users\HP Pavilion\.m2\repository\net\bytebuddy\byte-buddy\1.15.11\byte-buddy-1.15.11.jar;C:\Users\HP Pavilion\.m2\repository\org\glassfish\jaxb\jaxb-runtime\4.0.5\jaxb-runtime-4.0.5.jar;C:\Users\HP Pavilion\.m2\repository\org\glassfish\jaxb\jaxb-core\4.0.5\jaxb-core-4.0.5.jar;C:\Users\HP Pavilion\.m2\repository\org\eclipse\angus\angus-activation\2.0.2\angus-activation-2.0.2.jar;C:\Users\HP Pavilion\.m2\repository\org\glassfish\jaxb\txw2\4.0.5\txw2-4.0.5.jar;C:\Users\HP Pavilion\.m2\repository\com\sun\istack\istack-commons-runtime\4.1.2\istack-commons-runtime-4.1.2.jar;C:\Users\HP Pavilion\.m2\repository\jakarta\inject\jakarta.inject-api\2.0.1\jakarta.inject-api-2.0.1.jar;C:\Users\HP Pavilion\.m2\repository\org\antlr\antlr4-runtime\4.13.0\antlr4-runtime-4.13.0.jar;C:\Users\HP Pavilion\.m2\repository\org\springframework\data\spring-data-jpa\3.4.1\spring-data-jpa-3.4.1.jar;C:\Users\HP Pavilion\.m2\repository\org\springframework\data\spring-data-commons\3.4.1\spring-data-commons-3.4.1.jar;C:\Users\HP Pavilion\.m2\repository\org\springframework\spring-orm\6.2.1\spring-orm-6.2.1.jar;C:\Users\HP Pavilion\.m2\repository\org\springframework\spring-tx\6.2.1\spring-tx-6.2.1.jar;C:\Users\HP Pavilion\.m2\repository\org\slf4j\slf4j-api\2.0.16\slf4j-api-2.0.16.jar;C:\Users\HP Pavilion\.m2\repository\org\springframework\spring-aspects\6.2.1\spring-aspects-6.2.1.jar;C:\Users\HP Pavilion\.m2\repository\org\aspectj\aspectjweaver\1.9.22.1\aspectjweaver-1.9.22.1.jar;C:\Users\HP Pavilion\.m2\repository\org\springframework\boot\spring-boot-starter-freemarker\3.4.1\spring-boot-starter-freemarker-3.4.1.jar;C:\Users\HP Pavilion\.m2\repository\org\freemarker\freemarker\2.3.33\freemarker-2.3.33.jar;C:\Users\HP Pavilion\.m2\repository\org\springframework\spring-context-support\6.2.1\spring-context-support-6.2.1.jar;C:\Users\HP Pavilion\.m2\repository\org\apache\camel\springboot\camel-spring-boot-starter\4.9.0\camel-spring-boot-starter-4.9.0.jar;C:\Users\HP Pavilion\.m2\repository\org\apache\camel\springboot\camel-spring-boot\4.9.0\camel-spring-boot-4.9.0.jar;C:\Users\HP Pavilion\.m2\repository\org\apache\camel\camel-spring\4.9.0\camel-spring-4.9.0.jar;C:\Users\HP Pavilion\.m2\repository\org\apache\camel\camel-management-api\4.9.0\camel-management-api-4.9.0.jar;C:\Users\HP Pavilion\.m2\repository\org\apache\camel\camel-spring-main\4.9.0\camel-spring-main-4.9.0.jar;C:\Users\HP Pavilion\.m2\repository\org\apache\camel\camel-main\4.9.0\camel-main-4.9.0.jar;C:\Users\HP Pavilion\.m2\repository\org\apache\camel\camel-base\4.9.0\camel-base-4.9.0.jar;C:\Users\HP Pavilion\.m2\repository\org\apache\camel\camel-core-languages\4.9.0\camel-core-languages-4.9.0.jar;C:\Users\HP Pavilion\.m2\repository\org\apache\camel\camel-util-json\4.9.0\camel-util-json-4.9.0.jar;C:\Users\HP Pavilion\.m2\repository\org\apache\camel\camel-cloud\4.9.0\camel-cloud-4.9.0.jar;C:\Users\HP Pavilion\.m2\repository\org\apache\camel\camel-core-model\4.9.0\camel-core-model-4.9.0.jar;C:\Users\HP Pavilion\.m2\repository\org\apache\camel\camel-core-processor\4.9.0\camel-core-processor-4.9.0.jar;C:\Users\HP Pavilion\.m2\repository\org\apache\camel\camel-cluster\4.9.0\camel-cluster-4.9.0.jar;C:\Users\HP Pavilion\.m2\repository\org\apache\camel\camel-base-engine\4.9.0\camel-base-engine-4.9.0.jar;C:\Users\HP Pavilion\.m2\repository\org\apache\camel\camel-health\4.9.0\camel-health-4.9.0.jar;C:\Users\HP Pavilion\.m2\repository\org\apache\camel\springboot\camel-core-starter\4.9.0\camel-core-starter-4.9.0.jar;C:\Users\HP Pavilion\.m2\repository\org\apache\camel\camel-core-engine\4.9.0\camel-core-engine-4.9.0.jar;C:\Users\HP Pavilion\.m2\repository\org\apache\camel\camel-api\4.9.0\camel-api-4.9.0.jar;C:\Users\HP Pavilion\.m2\repository\org\apache\camel\camel-core-reifier\4.9.0\camel-core-reifier-4.9.0.jar;C:\Users\HP Pavilion\.m2\repository\org\apache\camel\camel-support\4.9.0\camel-support-4.9.0.jar;C:\Users\HP Pavilion\.m2\repository\org\apache\camel\camel-util\4.9.0\camel-util-4.9.0.jar;C:\Users\HP Pavilion\.m2\repository\org\apache\camel\springboot\camel-bean-starter\4.9.0\camel-bean-starter-4.9.0.jar;C:\Users\HP Pavilion\.m2\repository\org\apache\camel\camel-bean\4.9.0\camel-bean-4.9.0.jar;C:\Users\HP Pavilion\.m2\repository\org\apache\camel\springboot\camel-browse-starter\4.9.0\camel-browse-starter-4.9.0.jar;C:\Users\HP Pavilion\.m2\repository\org\apache\camel\camel-browse\4.9.0\camel-browse-4.9.0.jar;C:\Users\HP Pavilion\.m2\repository\org\apache\camel\springboot\camel-controlbus-starter\4.9.0\camel-controlbus-starter-4.9.0.jar;C:\Users\HP Pavilion\.m2\repository\org\apache\camel\camel-controlbus\4.9.0\camel-controlbus-4.9.0.jar;C:\Users\HP Pavilion\.m2\repository\org\apache\camel\springboot\camel-dataformat-starter\4.9.0\camel-dataformat-starter-4.9.0.jar;C:\Users\HP Pavilion\.m2\repository\org\apache\camel\camel-dataformat\4.9.0\camel-dataformat-4.9.0.jar;C:\Users\HP Pavilion\.m2\repository\org\apache\camel\springboot\camel-dataset-starter\4.9.0\camel-dataset-starter-4.9.0.jar;C:\Users\HP Pavilion\.m2\repository\org\apache\camel\camel-dataset\4.9.0\camel-dataset-4.9.0.jar;C:\Users\HP Pavilion\.m2\repository\org\apache\camel\springboot\camel-direct-starter\4.9.0\camel-direct-starter-4.9.0.jar;C:\Users\HP Pavilion\.m2\repository\org\apache\camel\camel-direct\4.9.0\camel-direct-4.9.0.jar;C:\Users\HP Pavilion\.m2\repository\org\apache\camel\springboot\camel-file-starter\4.9.0\camel-file-starter-4.9.0.jar;C:\Users\HP Pavilion\.m2\repository\org\apache\camel\camel-file\4.9.0\camel-file-4.9.0.jar;C:\Users\HP Pavilion\.m2\repository\org\apache\camel\springboot\camel-language-starter\4.9.0\camel-language-starter-4.9.0.jar;C:\Users\HP Pavilion\.m2\repository\org\apache\camel\camel-language\4.9.0\camel-language-4.9.0.jar;C:\Users\HP Pavilion\.m2\repository\org\apache\camel\springboot\camel-log-starter\4.9.0\camel-log-starter-4.9.0.jar;C:\Users\HP Pavilion\.m2\repository\org\apache\camel\camel-log\4.9.0\camel-log-4.9.0.jar;C:\Users\HP Pavilion\.m2\repository\org\apache\camel\springboot\camel-mock-starter\4.9.0\camel-mock-starter-4.9.0.jar;C:\Users\HP Pavilion\.m2\repository\org\apache\camel\camel-mock\4.9.0\camel-mock-4.9.0.jar;C:\Users\HP Pavilion\.m2\repository\org\apache\camel\springboot\camel-ref-starter\4.9.0\camel-ref-starter-4.9.0.jar;C:\Users\HP Pavilion\.m2\repository\org\apache\camel\camel-ref\4.9.0\camel-ref-4.9.0.jar;C:\Users\HP Pavilion\.m2\repository\org\apache\camel\springboot\camel-rest-starter\4.9.0\camel-rest-starter-4.9.0.jar;C:\Users\HP Pavilion\.m2\repository\org\apache\camel\camel-rest\4.9.0\camel-rest-4.9.0.jar;C:\Users\HP Pavilion\.m2\repository\org\apache\camel\camel-tooling-model\4.9.0\camel-tooling-model-4.9.0.jar;C:\Users\HP Pavilion\.m2\repository\org\apache\camel\springboot\camel-saga-starter\4.9.0\camel-saga-starter-4.9.0.jar;C:\Users\HP Pavilion\.m2\repository\org\apache\camel\camel-saga\4.9.0\camel-saga-4.9.0.jar;C:\Users\HP Pavilion\.m2\repository\org\apache\camel\springboot\camel-scheduler-starter\4.9.0\camel-scheduler-starter-4.9.0.jar;C:\Users\HP Pavilion\.m2\repository\org\apache\camel\camel-scheduler\4.9.0\camel-scheduler-4.9.0.jar;C:\Users\HP Pavilion\.m2\repository\org\apache\camel\springboot\camel-seda-starter\4.9.0\camel-seda-starter-4.9.0.jar;C:\Users\HP Pavilion\.m2\repository\org\apache\camel\camel-seda\4.9.0\camel-seda-4.9.0.jar;C:\Users\HP Pavilion\.m2\repository\org\apache\camel\springboot\camel-stub-starter\4.9.0\camel-stub-starter-4.9.0.jar;C:\Users\HP Pavilion\.m2\repository\org\apache\camel\camel-stub\4.9.0\camel-stub-4.9.0.jar;C:\Users\HP Pavilion\.m2\repository\org\apache\camel\springboot\camel-timer-starter\4.9.0\camel-timer-starter-4.9.0.jar;C:\Users\HP Pavilion\.m2\repository\org\apache\camel\camel-timer\4.9.0\camel-timer-4.9.0.jar;C:\Users\HP Pavilion\.m2\repository\org\apache\camel\springboot\camel-validator-starter\4.9.0\camel-validator-starter-4.9.0.jar;C:\Users\HP Pavilion\.m2\repository\org\apache\camel\camel-validator\4.9.0\camel-validator-4.9.0.jar;C:\Users\HP Pavilion\.m2\repository\org\apache\camel\springboot\camel-xpath-starter\4.9.0\camel-xpath-starter-4.9.0.jar;C:\Users\HP Pavilion\.m2\repository\org\apache\camel\camel-xpath\4.9.0\camel-xpath-4.9.0.jar;C:\Users\HP Pavilion\.m2\repository\org\apache\camel\springboot\camel-xslt-starter\4.9.0\camel-xslt-starter-4.9.0.jar;C:\Users\HP Pavilion\.m2\repository\org\apache\camel\camel-xslt\4.9.0\camel-xslt-4.9.0.jar;C:\Users\HP Pavilion\.m2\repository\org\apache\camel\springboot\camel-xml-jaxp-starter\4.9.0\camel-xml-jaxp-starter-4.9.0.jar;C:\Users\HP Pavilion\.m2\repository\org\apache\camel\camel-xml-jaxp\4.9.0\camel-xml-jaxp-4.9.0.jar;C:\Users\HP Pavilion\.m2\repository\org\apache\camel\camel-xml-jaxp-util\4.9.0\camel-xml-jaxp-util-4.9.0.jar;C:\Users\HP Pavilion\.m2\repository\org\apache\camel\camel-xml-io-util\4.9.0\camel-xml-io-util-4.9.0.jar;C:\Users\HP Pavilion\.m2\repository\org\projectlombok\lombok\1.18.36\lombok-1.18.36.jar;C:\Users\HP Pavilion\.m2\repository\org\springframework\boot\spring-boot-starter-test\3.4.1\spring-boot-starter-test-3.4.1.jar;C:\Users\HP Pavilion\.m2\repository\org\springframework\boot\spring-boot-test\3.4.1\spring-boot-test-3.4.1.jar;C:\Users\HP Pavilion\.m2\repository\org\springframework\boot\spring-boot-test-autoconfigure\3.4.1\spring-boot-test-autoconfigure-3.4.1.jar;C:\Users\HP Pavilion\.m2\repository\com\jayway\jsonpath\json-path\2.9.0\json-path-2.9.0.jar;C:\Users\HP Pavilion\.m2\repository\jakarta\xml\bind\jakarta.xml.bind-api\4.0.2\jakarta.xml.bind-api-4.0.2.jar;C:\Users\HP Pavilion\.m2\repository\jakarta\activation\jakarta.activation-api\2.1.3\jakarta.activation-api-2.1.3.jar;C:\Users\HP Pavilion\.m2\repository\net\minidev\json-smart\2.5.1\json-smart-2.5.1.jar;C:\Users\HP Pavilion\.m2\repository\net\minidev\accessors-smart\2.5.1\accessors-smart-2.5.1.jar;C:\Users\HP Pavilion\.m2\repository\org\ow2\asm\asm\9.6\asm-9.6.jar;C:\Users\HP Pavilion\.m2\repository\org\assertj\assertj-core\3.26.3\assertj-core-3.26.3.jar;C:\Users\HP Pavilion\.m2\repository\org\awaitility\awaitility\4.2.2\awaitility-4.2.2.jar;C:\Users\HP Pavilion\.m2\repository\org\hamcrest\hamcrest\2.2\hamcrest-2.2.jar;C:\Users\HP Pavilion\.m2\repository\org\junit\jupiter\junit-jupiter\5.11.4\junit-jupiter-5.11.4.jar;C:\Users\HP Pavilion\.m2\repository\org\junit\jupiter\junit-jupiter-api\5.11.4\junit-jupiter-api-5.11.4.jar;C:\Users\HP Pavilion\.m2\repository\org\opentest4j\opentest4j\1.3.0\opentest4j-1.3.0.jar;C:\Users\HP Pavilion\.m2\repository\org\junit\platform\junit-platform-commons\1.11.4\junit-platform-commons-1.11.4.jar;C:\Users\HP Pavilion\.m2\repository\org\apiguardian\apiguardian-api\1.1.2\apiguardian-api-1.1.2.jar;C:\Users\HP Pavilion\.m2\repository\org\junit\jupiter\junit-jupiter-params\5.11.4\junit-jupiter-params-5.11.4.jar;C:\Users\HP Pavilion\.m2\repository\org\junit\jupiter\junit-jupiter-engine\5.11.4\junit-jupiter-engine-5.11.4.jar;C:\Users\HP Pavilion\.m2\repository\org\junit\platform\junit-platform-engine\1.11.4\junit-platform-engine-1.11.4.jar;C:\Users\HP Pavilion\.m2\repository\org\mockito\mockito-core\5.14.2\mockito-core-5.14.2.jar;C:\Users\HP Pavilion\.m2\repository\net\bytebuddy\byte-buddy-agent\1.15.11\byte-buddy-agent-1.15.11.jar;C:\Users\HP Pavilion\.m2\repository\org\objenesis\objenesis\3.3\objenesis-3.3.jar;C:\Users\HP Pavilion\.m2\repository\org\mockito\mockito-junit-jupiter\5.14.2\mockito-junit-jupiter-5.14.2.jar;C:\Users\HP Pavilion\.m2\repository\org\skyscreamer\jsonassert\1.5.3\jsonassert-1.5.3.jar;C:\Users\HP Pavilion\.m2\repository\com\vaadin\external\google\android-json\0.0.20131108.vaadin1\android-json-0.0.20131108.vaadin1.jar;C:\Users\HP Pavilion\.m2\repository\org\springframework\spring-test\6.2.1\spring-test-6.2.1.jar;C:\Users\HP Pavilion\.m2\repository\org\xmlunit\xmlunit-core\2.10.0\xmlunit-core-2.10.0.jar;"/>
    <property name="sun.cpu.endian" value="little"/>
    <property name="user.home" value="C:\Users\HP Pavilion"/>
    <property name="user.language" value="es"/>
    <property name="java.specification.vendor" value="Oracle Corporation"/>
    <property name="java.version.date" value="2024-07-16"/>
    <property name="java.home" value="C:\Users\HP Pavilion\Desktop\jdk-17.0.12"/>
    <property name="file.separator" value="\"/>
    <property name="basedir" value="C:\Users\HP Pavilion\Desktop\QLSF\v1"/>
    <property name="java.vm.compressedOopsMode" value="Zero based"/>
    <property name="line.separator" value="&#10;"/>
    <property name="java.vm.specification.vendor" value="Oracle Corporation"/>
    <property name="java.specification.name" value="Java Platform API Specification"/>
    <property name="FILE_LOG_CHARSET" value="windows-1252"/>
    <property name="java.awt.headless" value="true"/>
    <property name="surefire.real.class.path" value="C:\Users\HP Pavilion\AppData\Local\Temp\surefire378550455217837078\surefirebooter6804414177463930525.jar"/>
    <property name="user.script" value=""/>
    <property name="sun.management.compiler" value="HotSpot 64-Bit Tiered Compilers"/>
    <property name="java.runtime.version" value="17.0.12+8-LTS-286"/>
    <property name="user.name" value="HP Pavilion"/>
    <property name="path.separator" value=";"/>
    <property name="os.version" value="10.0"/>
    <property name="java.runtime.name" value="Java(TM) SE Runtime Environment"/>
    <property name="file.encoding" value="Cp1252"/>
    <property name="java.vm.name" value="Java HotSpot(TM) 64-Bit Server VM"/>
    <property name="localRepository" value="C:\Users\HP Pavilion\.m2\repository"/>
    <property name="java.vendor.url.bug" value="https://bugreport.java.com/bugreport/"/>
    <property name="java.io.tmpdir" value="C:\Users\HPPAVI~1\AppData\Local\Temp\"/>
    <property name="java.version" value="17.0.12"/>
    <property name="user.dir" value="C:\Users\HP Pavilion\Desktop\QLSF\v1"/>
    <property name="os.arch" value="amd64"/>
    <property name="java.vm.specification.name" value="Java Virtual Machine Specification"/>
    <property name="PID" value="22172"/>
    <property name="sun.os.patch.level" value=""/>
    <property name="CONSOLE_LOG_CHARSET" value="windows-1252"/>
    <property name="native.encoding" value="Cp1252"/>
    <property name="java.library.path" value="C:\Users\HP Pavilion\Desktop\jdk-17.0.12\bin;C:\WINDOWS\Sun\Java\bin;C:\WINDOWS\system32;C:\WINDOWS;C:\Program Files (x86)\Common Files\Oracle\Java\java8path;C:\windows\system32;C:\windows;C:\windows\System32\Wbem;C:\windows\System32\WindowsPowerShell\v1.0\;C:\windows\System32\OpenSSH\;C:\windows\system32\config\systemprofile\AppData\Local\Microsoft\WindowsApps;C:\WINDOWS\system32;C:\WINDOWS;C:\WINDOWS\System32\Wbem;C:\WINDOWS\System32\WindowsPowerShell\v1.0\;C:\WINDOWS\System32\OpenSSH\;C:\Program Files\HP\HP One Agent;C:\Program Files\Git\cmd;C:\Program Files\nodejs\;C:\WINDOWS\system32;C:\WINDOWS;C:\WINDOWS\System32\Wbem;C:\WINDOWS\System32\WindowsPowerShell\v1.0\;C:\WINDOWS\System32\OpenSSH\;C:\Program Files\NVIDIA Corporation\NVIDIA app\NvDLISR;C:\Program Files (x86)\NVIDIA Corporation\PhysX\Common;C:\Users\HP Pavilion\Desktop\apache-maven-3.9.9\bin;C:\Users\HP Pavilion\Desktop\jdk-17.0.12\bin;C:\Program Files\MySQL\MySQL Shell 8.0\bin\;C:\Users\HP Pavilion\AppData\Local\Microsoft\WindowsApps;C:\Users\HP Pavilion\AppData\Local\Programs\Microsoft VS Code\bin;C:\Users\HP Pavilion\AppData\Local\Microsoft\WinGet\Packages\Schniz.fnm_Microsoft.Winget.Source_8wekyb3d8bbwe;C:\Users\HP Pavilion\AppData\Roaming\npm;;c:\Users\HP Pavilion\AppData\Roaming\Code\User\globalStorage\github.copilot-chat\debugCommand;."/>
    <property name="java.vm.info" value="mixed mode, sharing"/>
    <property name="java.vendor" value="Oracle Corporation"/>
    <property name="java.vm.version" value="17.0.12+8-LTS-286"/>
    <property name="sun.io.unicode.encoding" value="UnicodeLittle"/>
    <property name="java.class.version" value="61.0"/>
    <property name="LOGGED_APPLICATION_NAME" value="[v1] "/>
  </properties>
  <testcase name="contextLoads" classname="qlsf.v1.V1ApplicationTests" time="1.788">
    <system-out><![CDATA[17:40:07.698 [main] INFO org.springframework.test.context.support.AnnotationConfigContextLoaderUtils -- Could not detect default configuration classes for test class [qlsf.v1.V1ApplicationTests]: V1ApplicationTests does not declare any static, non-private, non-final, nested classes annotated with @Configuration.
17:40:07.846 [main] INFO org.springframework.boot.test.context.SpringBootTestContextBootstrapper -- Found @SpringBootConfiguration qlsf.v1.V1Application for test class qlsf.v1.V1ApplicationTests

  .   ____          _            __ _ _
 /\\ / ___'_ __ _ _(_)_ __  __ _ \ \ \ \
( ( )\___ | '_ | '_| | '_ \/ _` | \ \ \ \
 \\/  ___)| |_)| | | | | || (_| |  ) ) ) )
  '  |____| .__|_| |_|_| |_\__, | / / / /
 =========|_|==============|___/=/_/_/_/

 :: Spring Boot ::                (v3.4.1)

2025-01-12T17:40:08.715-05:00  INFO 22172 --- [v1] [           main] qlsf.v1.V1ApplicationTests               : Starting V1ApplicationTests using Java 17.0.12 with PID 22172 (started by HP Pavilion in C:\Users\HP Pavilion\Desktop\QLSF\v1)
2025-01-12T17:40:08.718-05:00  INFO 22172 --- [v1] [           main] qlsf.v1.V1ApplicationTests               : No active profile set, falling back to 1 default profile: "default"
2025-01-12T17:40:10.909-05:00  WARN 22172 --- [v1] [           main] o.a.c.i.e.DefaultCamelBeanPostProcessor  : No CamelContext defined yet so cannot inject into bean: startupConditionStrategy
2025-01-12T17:40:12.070-05:00  WARN 22172 --- [v1] [           main] o.s.b.a.f.FreeMarkerAutoConfiguration    : Cannot find template location: [classpath:/templates/] (please add some templates, check your FreeMarker configuration, or set spring.freemarker.check-template-location=false)
2025-01-12T17:40:12.366-05:00  INFO 22172 --- [v1] [           main] o.a.c.impl.engine.AbstractCamelContext   : Apache Camel 4.9.0 (camel-1) is starting
2025-01-12T17:40:12.386-05:00  INFO 22172 --- [v1] [           main] o.a.c.impl.engine.AbstractCamelContext   : Routes startup (total:0)
2025-01-12T17:40:12.386-05:00  INFO 22172 --- [v1] [           main] o.a.c.impl.engine.AbstractCamelContext   : Apache Camel 4.9.0 (camel-1) started in 19ms (build:0ms init:0ms start:19ms boot:1s453ms)
2025-01-12T17:40:12.392-05:00  INFO 22172 --- [v1] [           main] qlsf.v1.V1ApplicationTests               : Started V1ApplicationTests in 4.279 seconds (process running for 6.159)
]]></system-out>
  </testcase>
</testsuite>